<?xml version="1.0" encoding="UTF-8"?>
<!-- Generated by org.testng.reporters.JUnitXMLReporter -->
<testsuite hostname="BLR1-LHP-N68803" ignored="0" name="Regression Tests" tests="1" failures="0" timestamp="2020-07-25T21:02:17 IST" time="0.207" errors="0">
  <testcase name="@BeforeTest setUp" time="-1.595691137116E9" classname="org.GL.client.core.DriverFactory">
    <failure type="java.lang.ArrayIndexOutOfBoundsException" message="3">
      <![CDATA[java.lang.ArrayIndexOutOfBoundsException: 3
... Removed 21 stack frames]]>
    </failure>
  </testcase> <!-- @BeforeTest setUp -->
  <testcase name="@BeforeClass initClass" time="-1.595691137264E9" classname="org.GL.client.tests.SearchTests">
    <skipped/>
  </testcase> <!-- @BeforeClass initClass -->
  <testcase name="@AfterTest tearDown" time="-1.59569113731E9" classname="org.GL.client.core.DriverFactory">
    <skipped/>
  </testcase> <!-- @AfterTest tearDown -->
  <testcase name="searchTest" time="0.0" classname="org.GL.client.tests.SearchTests">
    <skipped/>
  </testcase> <!-- searchTest -->
</testsuite> <!-- Regression Tests -->
