<?xml version="1.0" encoding="UTF-8"?>
<!-- Generated by org.testng.reporters.JUnitReportReporter -->
<testsuite skipped="0" hostname="BLR1-LHP-N68803" name="org.GL.client.UI.core.BaseTest" tests="1" failures="0" timestamp="2020-08-15T20:05:52 IST" time="-1597502080.000" errors="1">
  <testcase name="envSetUp" time="-1597502080.000" classname="org.GL.client.UI.core.BaseTest">
    <error type="org.testng.TestNGException" message="
Parameter &#039;browserName&#039; is required by BeforeSuite on method envSetUp but has not been marked @Optional or defined
in D:\CodeBase\AutoHealer2\src\test\resources\web.xml">
      <![CDATA[org.testng.TestNGException: 
Parameter 'browserName' is required by BeforeSuite on method envSetUp but has not been marked @Optional or defined
in D:\CodeBase\AutoHealer2\src\test\resources\web.xml
at org.testng.internal.Parameters.createParams(Parameters.java:268)
at org.testng.internal.Parameters.createParametersForMethod(Parameters.java:356)
at org.testng.internal.Parameters.createParameters(Parameters.java:700)
at org.testng.internal.Parameters.createConfigurationParameters(Parameters.java:166)
at org.testng.internal.ConfigInvoker.invokeConfigurations(ConfigInvoker.java:301)
at org.testng.SuiteRunner.privateRun(SuiteRunner.java:327)
at org.testng.SuiteRunner.run(SuiteRunner.java:286)
at org.testng.SuiteRunnerWorker.runSuite(SuiteRunnerWorker.java:53)
at org.testng.SuiteRunnerWorker.run(SuiteRunnerWorker.java:96)
at org.testng.TestNG.runSuitesSequentially(TestNG.java:1218)
at org.testng.TestNG.runSuitesLocally(TestNG.java:1140)
at org.testng.TestNG.runSuites(TestNG.java:1069)
at org.testng.TestNG.run(TestNG.java:1037)
at org.testng.remote.AbstractRemoteTestNG.run(AbstractRemoteTestNG.java:115)
at org.testng.remote.RemoteTestNG.initAndRun(RemoteTestNG.java:251)
at org.testng.remote.RemoteTestNG.main(RemoteTestNG.java:77)
]]>
    </error>
  </testcase> <!-- envSetUp -->
  <system-out/>
</testsuite> <!-- org.GL.client.UI.core.BaseTest -->
